{"total": {"lines":{"total":355,"covered":355,"skipped":0,"pct":100},"statements":{"total":355,"covered":355,"skipped":0,"pct":100},"functions":{"total":46,"covered":46,"skipped":0,"pct":100},"branches":{"total":128,"covered":124,"skipped":0,"pct":96.87},"branchesTrue":{"total":0,"covered":0,"skipped":0,"pct":100}}
,"C:\\Users\\andrz\\Dropbox\\Repositories\\songbook-app\\src\\lib\\db\\songs.ts": {"lines":{"total":37,"covered":37,"skipped":0,"pct":100},"functions":{"total":6,"covered":6,"skipped":0,"pct":100},"statements":{"total":37,"covered":37,"skipped":0,"pct":100},"branches":{"total":9,"covered":9,"skipped":0,"pct":100}}
,"C:\\Users\\andrz\\Dropbox\\Repositories\\songbook-app\\src\\lib\\stores\\preferences.ts": {"lines":{"total":112,"covered":112,"skipped":0,"pct":100},"functions":{"total":9,"covered":9,"skipped":0,"pct":100},"statements":{"total":112,"covered":112,"skipped":0,"pct":100},"branches":{"total":37,"covered":34,"skipped":0,"pct":91.89}}
,"C:\\Users\\andrz\\Dropbox\\Repositories\\songbook-app\\src\\lib\\stores\\pwa.ts": {"lines":{"total":20,"covered":20,"skipped":0,"pct":100},"functions":{"total":2,"covered":2,"skipped":0,"pct":100},"statements":{"total":20,"covered":20,"skipped":0,"pct":100},"branches":{"total":7,"covered":7,"skipped":0,"pct":100}}
,"C:\\Users\\andrz\\Dropbox\\Repositories\\songbook-app\\src\\lib\\stores\\ui.ts": {"lines":{"total":11,"covered":11,"skipped":0,"pct":100},"functions":{"total":2,"covered":2,"skipped":0,"pct":100},"statements":{"total":11,"covered":11,"skipped":0,"pct":100},"branches":{"total":2,"covered":2,"skipped":0,"pct":100}}
,"C:\\Users\\andrz\\Dropbox\\Repositories\\songbook-app\\src\\lib\\utils\\lenis.ts": {"lines":{"total":30,"covered":30,"skipped":0,"pct":100},"functions":{"total":3,"covered":3,"skipped":0,"pct":100},"statements":{"total":30,"covered":30,"skipped":0,"pct":100},"branches":{"total":7,"covered":7,"skipped":0,"pct":100}}
,"C:\\Users\\andrz\\Dropbox\\Repositories\\songbook-app\\src\\lib\\utils\\pageIndex.ts": {"lines":{"total":18,"covered":18,"skipped":0,"pct":100},"functions":{"total":2,"covered":2,"skipped":0,"pct":100},"statements":{"total":18,"covered":18,"skipped":0,"pct":100},"branches":{"total":7,"covered":7,"skipped":0,"pct":100}}
,"C:\\Users\\andrz\\Dropbox\\Repositories\\songbook-app\\src\\lib\\utils\\songContent.ts": {"lines":{"total":72,"covered":72,"skipped":0,"pct":100},"functions":{"total":11,"covered":11,"skipped":0,"pct":100},"statements":{"total":72,"covered":72,"skipped":0,"pct":100},"branches":{"total":36,"covered":35,"skipped":0,"pct":97.22}}
,"C:\\Users\\andrz\\Dropbox\\Repositories\\songbook-app\\src\\lib\\utils\\songNavigation.ts": {"lines":{"total":23,"covered":23,"skipped":0,"pct":100},"functions":{"total":5,"covered":5,"skipped":0,"pct":100},"statements":{"total":23,"covered":23,"skipped":0,"pct":100},"branches":{"total":11,"covered":11,"skipped":0,"pct":100}}
,"C:\\Users\\andrz\\Dropbox\\Repositories\\songbook-app\\src\\lib\\utils\\songTextScale.ts": {"lines":{"total":20,"covered":20,"skipped":0,"pct":100},"functions":{"total":4,"covered":4,"skipped":0,"pct":100},"statements":{"total":20,"covered":20,"skipped":0,"pct":100},"branches":{"total":7,"covered":7,"skipped":0,"pct":100}}
,"C:\\Users\\andrz\\Dropbox\\Repositories\\songbook-app\\src\\lib\\utils\\sourceLabel.ts": {"lines":{"total":12,"covered":12,"skipped":0,"pct":100},"functions":{"total":2,"covered":2,"skipped":0,"pct":100},"statements":{"total":12,"covered":12,"skipped":0,"pct":100},"branches":{"total":5,"covered":5,"skipped":0,"pct":100}}
}
